<?xml version="1.0" encoding="UTF-8"?>
<testsuite xmlns:xsi="http://www.w3.org/2001/XMLSchema-instance" xsi:noNamespaceSchemaLocation="https://maven.apache.org/surefire/maven-surefire-plugin/xsd/surefire-test-report-3.0.xsd" version="3.0" name="test.TransportistaTest" time="3.232" tests="2" errors="0" skipped="0" failures="0">
  <properties>
    <property name="java.specification.version" value="20"/>
    <property name="sun.cpu.isalist" value="amd64"/>
    <property name="sun.jnu.encoding" value="Cp1252"/>
    <property name="java.class.path" value="C:\Users\ericp\OneDrive\Documentos\GitHub\proyecto-final-poo\proyecto-jpa-swing\target\test-classes;C:\Users\ericp\OneDrive\Documentos\GitHub\proyecto-final-poo\proyecto-jpa-swing\target\classes;C:\Users\ericp\.m2\repository\org\projectlombok\lombok\1.18.26\lombok-1.18.26.jar;C:\Users\ericp\.m2\repository\mysql\mysql-connector-java\8.0.17\mysql-connector-java-8.0.17.jar;C:\Users\ericp\.m2\repository\com\google\protobuf\protobuf-java\3.6.1\protobuf-java-3.6.1.jar;C:\Users\ericp\.m2\repository\org\hibernate\hibernate-entitymanager\5.4.10.Final\hibernate-entitymanager-5.4.10.Final.jar;C:\Users\ericp\.m2\repository\org\jboss\logging\jboss-logging\3.3.2.Final\jboss-logging-3.3.2.Final.jar;C:\Users\ericp\.m2\repository\org\hibernate\hibernate-core\5.4.10.Final\hibernate-core-5.4.10.Final.jar;C:\Users\ericp\.m2\repository\org\javassist\javassist\3.24.0-GA\javassist-3.24.0-GA.jar;C:\Users\ericp\.m2\repository\antlr\antlr\2.7.7\antlr-2.7.7.jar;C:\Users\ericp\.m2\repository\org\jboss\jandex\2.1.1.Final\jandex-2.1.1.Final.jar;C:\Users\ericp\.m2\repository\com\fasterxml\classmate\1.5.1\classmate-1.5.1.jar;C:\Users\ericp\.m2\repository\javax\activation\javax.activation-api\1.2.0\javax.activation-api-1.2.0.jar;C:\Users\ericp\.m2\repository\javax\xml\bind\jaxb-api\2.3.1\jaxb-api-2.3.1.jar;C:\Users\ericp\.m2\repository\org\glassfish\jaxb\jaxb-runtime\2.3.1\jaxb-runtime-2.3.1.jar;C:\Users\ericp\.m2\repository\org\glassfish\jaxb\txw2\2.3.1\txw2-2.3.1.jar;C:\Users\ericp\.m2\repository\com\sun\istack\istack-commons-runtime\3.0.7\istack-commons-runtime-3.0.7.jar;C:\Users\ericp\.m2\repository\org\jvnet\staxex\stax-ex\1.8\stax-ex-1.8.jar;C:\Users\ericp\.m2\repository\com\sun\xml\fastinfoset\FastInfoset\1.2.15\FastInfoset-1.2.15.jar;C:\Users\ericp\.m2\repository\org\dom4j\dom4j\2.1.1\dom4j-2.1.1.jar;C:\Users\ericp\.m2\repository\org\hibernate\common\hibernate-commons-annotations\5.1.0.Final\hibernate-commons-annotations-5.1.0.Final.jar;C:\Users\ericp\.m2\repository\javax\persistence\javax.persistence-api\2.2\javax.persistence-api-2.2.jar;C:\Users\ericp\.m2\repository\net\bytebuddy\byte-buddy\1.10.2\byte-buddy-1.10.2.jar;C:\Users\ericp\.m2\repository\org\jboss\spec\javax\transaction\jboss-transaction-api_1.2_spec\1.1.1.Final\jboss-transaction-api_1.2_spec-1.1.1.Final.jar;C:\Users\ericp\.m2\repository\org\netbeans\external\AbsoluteLayout\RELEASE180\AbsoluteLayout-RELEASE180.jar;C:\Users\ericp\.m2\repository\junit\junit\4.12\junit-4.12.jar;C:\Users\ericp\.m2\repository\org\hamcrest\hamcrest-core\1.3\hamcrest-core-1.3.jar;"/>
    <property name="java.vm.vendor" value="Oracle Corporation"/>
    <property name="sun.arch.data.model" value="64"/>
    <property name="user.variant" value=""/>
    <property name="java.vendor.url" value="https://java.oracle.com/"/>
    <property name="user.timezone" value="America/Buenos_Aires"/>
    <property name="user.country.format" value="ES"/>
    <property name="os.name" value="Windows 10"/>
    <property name="java.vm.specification.version" value="20"/>
    <property name="user.country" value="US"/>
    <property name="sun.java.launcher" value="SUN_STANDARD"/>
    <property name="sun.boot.library.path" value="C:\Program Files\Java\jdk-20\bin"/>
    <property name="sun.java.command" value="C:\Users\ericp\AppData\Local\Temp\surefire13186694409780726635\surefirebooter-20230930121150451_3.jar C:\Users\ericp\AppData\Local\Temp\surefire13186694409780726635 2023-09-30T12-11-50_276-jvmRun1 surefire-20230930121150451_1tmp surefire_0-20230930121150451_2tmp"/>
    <property name="jdk.debug" value="release"/>
    <property name="surefire.test.class.path" value="C:\Users\ericp\OneDrive\Documentos\GitHub\proyecto-final-poo\proyecto-jpa-swing\target\test-classes;C:\Users\ericp\OneDrive\Documentos\GitHub\proyecto-final-poo\proyecto-jpa-swing\target\classes;C:\Users\ericp\.m2\repository\org\projectlombok\lombok\1.18.26\lombok-1.18.26.jar;C:\Users\ericp\.m2\repository\mysql\mysql-connector-java\8.0.17\mysql-connector-java-8.0.17.jar;C:\Users\ericp\.m2\repository\com\google\protobuf\protobuf-java\3.6.1\protobuf-java-3.6.1.jar;C:\Users\ericp\.m2\repository\org\hibernate\hibernate-entitymanager\5.4.10.Final\hibernate-entitymanager-5.4.10.Final.jar;C:\Users\ericp\.m2\repository\org\jboss\logging\jboss-logging\3.3.2.Final\jboss-logging-3.3.2.Final.jar;C:\Users\ericp\.m2\repository\org\hibernate\hibernate-core\5.4.10.Final\hibernate-core-5.4.10.Final.jar;C:\Users\ericp\.m2\repository\org\javassist\javassist\3.24.0-GA\javassist-3.24.0-GA.jar;C:\Users\ericp\.m2\repository\antlr\antlr\2.7.7\antlr-2.7.7.jar;C:\Users\ericp\.m2\repository\org\jboss\jandex\2.1.1.Final\jandex-2.1.1.Final.jar;C:\Users\ericp\.m2\repository\com\fasterxml\classmate\1.5.1\classmate-1.5.1.jar;C:\Users\ericp\.m2\repository\javax\activation\javax.activation-api\1.2.0\javax.activation-api-1.2.0.jar;C:\Users\ericp\.m2\repository\javax\xml\bind\jaxb-api\2.3.1\jaxb-api-2.3.1.jar;C:\Users\ericp\.m2\repository\org\glassfish\jaxb\jaxb-runtime\2.3.1\jaxb-runtime-2.3.1.jar;C:\Users\ericp\.m2\repository\org\glassfish\jaxb\txw2\2.3.1\txw2-2.3.1.jar;C:\Users\ericp\.m2\repository\com\sun\istack\istack-commons-runtime\3.0.7\istack-commons-runtime-3.0.7.jar;C:\Users\ericp\.m2\repository\org\jvnet\staxex\stax-ex\1.8\stax-ex-1.8.jar;C:\Users\ericp\.m2\repository\com\sun\xml\fastinfoset\FastInfoset\1.2.15\FastInfoset-1.2.15.jar;C:\Users\ericp\.m2\repository\org\dom4j\dom4j\2.1.1\dom4j-2.1.1.jar;C:\Users\ericp\.m2\repository\org\hibernate\common\hibernate-commons-annotations\5.1.0.Final\hibernate-commons-annotations-5.1.0.Final.jar;C:\Users\ericp\.m2\repository\javax\persistence\javax.persistence-api\2.2\javax.persistence-api-2.2.jar;C:\Users\ericp\.m2\repository\net\bytebuddy\byte-buddy\1.10.2\byte-buddy-1.10.2.jar;C:\Users\ericp\.m2\repository\org\jboss\spec\javax\transaction\jboss-transaction-api_1.2_spec\1.1.1.Final\jboss-transaction-api_1.2_spec-1.1.1.Final.jar;C:\Users\ericp\.m2\repository\org\netbeans\external\AbsoluteLayout\RELEASE180\AbsoluteLayout-RELEASE180.jar;C:\Users\ericp\.m2\repository\junit\junit\4.12\junit-4.12.jar;C:\Users\ericp\.m2\repository\org\hamcrest\hamcrest-core\1.3\hamcrest-core-1.3.jar;"/>
    <property name="sun.cpu.endian" value="little"/>
    <property name="user.home" value="C:\Users\ericp"/>
    <property name="user.language" value="en"/>
    <property name="java.specification.vendor" value="Oracle Corporation"/>
    <property name="java.version.date" value="2023-04-18"/>
    <property name="java.home" value="C:\Program Files\Java\jdk-20"/>
    <property name="file.separator" value="\"/>
    <property name="basedir" value="C:\Users\ericp\OneDrive\Documentos\GitHub\proyecto-final-poo\proyecto-jpa-swing"/>
    <property name="java.vm.compressedOopsMode" value="Zero based"/>
    <property name="line.separator" value="&#10;"/>
    <property name="java.vm.specification.vendor" value="Oracle Corporation"/>
    <property name="java.specification.name" value="Java Platform API Specification"/>
    <property name="surefire.real.class.path" value="C:\Users\ericp\AppData\Local\Temp\surefire13186694409780726635\surefirebooter-20230930121150451_3.jar"/>
    <property name="user.script" value=""/>
    <property name="sun.management.compiler" value="HotSpot 64-Bit Tiered Compilers"/>
    <property name="java.runtime.version" value="20.0.1+9-29"/>
    <property name="user.name" value="ericp"/>
    <property name="stdout.encoding" value="Cp1252"/>
    <property name="path.separator" value=";"/>
    <property name="os.version" value="10.0"/>
    <property name="java.runtime.name" value="Java(TM) SE Runtime Environment"/>
    <property name="file.encoding" value="UTF-8"/>
    <property name="java.vm.name" value="Java HotSpot(TM) 64-Bit Server VM"/>
    <property name="maven.ext.class.path" value="C:\Program Files\NetBeans-18\netbeans\java\maven-nblib\netbeans-eventspy.jar"/>
    <property name="localRepository" value="C:\Users\ericp\.m2\repository"/>
    <property name="java.vendor.url.bug" value="https://bugreport.java.com/bugreport/"/>
    <property name="java.io.tmpdir" value="C:\Users\ericp\AppData\Local\Temp\"/>
    <property name="java.version" value="20.0.1"/>
    <property name="user.dir" value="C:\Users\ericp\OneDrive\Documentos\GitHub\proyecto-final-poo\proyecto-jpa-swing"/>
    <property name="os.arch" value="amd64"/>
    <property name="java.vm.specification.name" value="Java Virtual Machine Specification"/>
    <property name="user.language.format" value="es"/>
    <property name="sun.os.patch.level" value=""/>
    <property name="native.encoding" value="Cp1252"/>
    <property name="java.library.path" value="C:\Program Files\Java\jdk-20\bin;C:\WINDOWS\Sun\Java\bin;C:\WINDOWS\system32;C:\WINDOWS;C:\ProgramData\Oracle\Java\javapath;C:\Program Files\Common Files\Oracle\Java\javapath;C:\Program Files (x86)\Common Files\Oracle\Java\javapath;C:\WINDOWS\system32;C:\WINDOWS;C:\WINDOWS\System32\Wbem;C:\WINDOWS\System32\WindowsPowerShell\v1.0\;C:\WINDOWS\System32\OpenSSH\;C:\Program Files (x86)\NVIDIA Corporation\PhysX\Common;C:\ProgramData\chocolatey\bin;C:\Program Files\nodejs\;C:\Program Files\Git\cmd;C:\Program Files\Java\jdk-20\bin;;C:\Program Files\Docker\Docker\resources\bin;C:\Users\ericp\AppData\Local\Microsoft\WindowsApps;C:\Users\ericp\AppData\Roaming\npm;C:\Users\ericp\AppData\Local\Programs\Microsoft VS Code\bin;C:\Program Files\JetBrains\IntelliJ IDEA Community Edition 2023.1.1\bin;;C:\Users\ericp\AppData\Local\GitHubDesktop\bin;."/>
    <property name="java.vm.info" value="mixed mode, sharing"/>
    <property name="stderr.encoding" value="Cp1252"/>
    <property name="java.vendor" value="Oracle Corporation"/>
    <property name="java.vm.version" value="20.0.1+9-29"/>
    <property name="sun.io.unicode.encoding" value="UnicodeLittle"/>
    <property name="java.class.version" value="64.0"/>
  </properties>
  <testcase name="testCrearTransportista" classname="test.TransportistaTest" time="0.123">
    <system-out><![CDATA[Hibernate: 
    
    drop table if exists categorias_productos
Hibernate: 
    
    drop table if exists clientes
Hibernate: 
    
    drop table if exists depositos
Hibernate: 
    
    drop table if exists depositoS_sectores
Hibernate: 
    
    drop table if exists empleados
Hibernate: 
    
    drop table if exists productos
Hibernate: 
    
    drop table if exists proveedores
Hibernate: 
    
    drop table if exists sectores
Hibernate: 
    
    drop table if exists tipo_transportista
Hibernate: 
    
    drop table if exists transportistas
Hibernate: 
    
    create table categorias_productos (
       id bigint not null auto_increment,
        nombre varchar(255),
        primary key (id)
    ) engine=MyISAM
Hibernate: 
    
    create table clientes (
       id bigint not null auto_increment,
        apellido varchar(255),
        cuit varchar(255),
        direccion varchar(255),
        estado varchar(255),
        nombre varchar(255),
        telefono varchar(255),
        primary key (id)
    ) engine=MyISAM
Hibernate: 
    
    create table depositos (
       id bigint not null auto_increment,
        codigo varchar(255),
        continente varchar(255),
        direccion varchar(255),
        email varchar(255),
        estado varchar(255),
        nombre varchar(255),
        latitud double precision not null,
        longitud double precision not null,
        telefono varchar(255),
        empleado_id bigint,
        primary key (id)
    ) engine=MyISAM
Hibernate: 
    
    create table depositoS_sectores (
       sector_id bigint not null,
        deposito_id bigint not null
    ) engine=MyISAM
Hibernate: 
    
    create table empleados (
       id bigint not null auto_increment,
        apellido varchar(255),
        cuit varchar(255),
        direccion varchar(255),
        estado varchar(255),
        nombre varchar(255),
        telefono varchar(255),
        primary key (id)
    ) engine=MyISAM
Hibernate: 
    
    create table productos (
       id bigint not null auto_increment,
        altura double precision not null,
        ancho double precision not null,
        codigo varchar(255),
        estado varchar(255),
        largo double precision not null,
        nombre varchar(255),
        peso double precision not null,
        categoria_id bigint,
        proveedor_id bigint,
        primary key (id)
    ) engine=MyISAM
Hibernate: 
    
    create table proveedores (
       id bigint not null auto_increment,
        cuit varchar(255),
        direccion varchar(255),
        email varchar(255),
        estado varchar(255),
        nombre varchar(255),
        telefono varchar(255),
        primary key (id)
    ) engine=MyISAM
Hibernate: 
    
    create table sectores (
       id bigint not null auto_increment,
        descripcion varchar(255),
        estado varchar(255),
        primary key (id)
    ) engine=MyISAM
Hibernate: 
    
    create table tipo_transportista (
       id bigint not null auto_increment,
        descripcion varchar(255),
        primary key (id)
    ) engine=MyISAM
Hibernate: 
    
    create table transportistas (
       id bigint not null auto_increment,
        cuit varchar(255),
        email varchar(255),
        estado varchar(255),
        nombre varchar(255),
        telefono varchar(255),
        tipo_id bigint,
        primary key (id)
    ) engine=MyISAM
Hibernate: 
    
    alter table depositos 
       add constraint FKl48r8a7t1mfc4kqgj6dk5hk4j 
       foreign key (empleado_id) 
       references empleados (id)
Hibernate: 
    
    alter table depositoS_sectores 
       add constraint FKw5v9wrp26mjm4riobvgda048 
       foreign key (deposito_id) 
       references sectores (id)
Hibernate: 
    
    alter table depositoS_sectores 
       add constraint FKak6qqk5s3oy0besn6gywd73n9 
       foreign key (sector_id) 
       references depositos (id)
Hibernate: 
    
    alter table productos 
       add constraint FK3jyygbjafvkudeln9dj83vnm0 
       foreign key (categoria_id) 
       references categorias_productos (id)
Hibernate: 
    
    alter table productos 
       add constraint FK4s80lxlx2fkci25fcx4r0nbex 
       foreign key (proveedor_id) 
       references proveedores (id)
Hibernate: 
    
    alter table transportistas 
       add constraint FK81dq7wt0ieq7q20odyjx9nx38 
       foreign key (tipo_id) 
       references tipo_transportista (id)
Hibernate: 
    insert 
    into
        transportistas
        (cuit, email, estado, nombre, telefono, tipo_id) 
    values
        (?, ?, ?, ?, ?, ?)
]]></system-out>
    <system-err><![CDATA[sept 30, 2023 12:11:51 P. M. org.hibernate.jpa.internal.util.LogHelper logPersistenceUnitInformation
INFO: HHH000204: Processing PersistenceUnitInfo [name: JPAPU]
sept 30, 2023 12:11:51 P. M. org.hibernate.Version logVersion
INFO: HHH000412: Hibernate Core {5.4.10.Final}
sept 30, 2023 12:11:51 P. M. org.hibernate.annotations.common.reflection.java.JavaReflectionManager <clinit>
INFO: HCANN000001: Hibernate Commons Annotations {5.1.0.Final}
sept 30, 2023 12:11:52 P. M. org.hibernate.engine.jdbc.connections.internal.DriverManagerConnectionProviderImpl configure
WARN: HHH10001002: Using Hibernate built-in connection pool (not for production use!)
sept 30, 2023 12:11:52 P. M. org.hibernate.engine.jdbc.connections.internal.DriverManagerConnectionProviderImpl buildCreator
INFO: HHH10001005: using driver [com.mysql.cj.jdbc.Driver] at URL [jdbc:mysql://localhost:3306/gestion_pedidos]
sept 30, 2023 12:11:52 P. M. org.hibernate.engine.jdbc.connections.internal.DriverManagerConnectionProviderImpl buildCreator
INFO: HHH10001001: Connection properties: {password=****, user=root}
sept 30, 2023 12:11:52 P. M. org.hibernate.engine.jdbc.connections.internal.DriverManagerConnectionProviderImpl buildCreator
INFO: HHH10001003: Autocommit mode: false
sept 30, 2023 12:11:52 P. M. org.hibernate.engine.jdbc.connections.internal.DriverManagerConnectionProviderImpl$PooledConnections <init>
INFO: HHH000115: Hibernate connection pool size: 20 (min=1)
sept 30, 2023 12:11:52 P. M. org.hibernate.dialect.Dialect <init>
INFO: HHH000400: Using dialect: org.hibernate.dialect.MySQL5Dialect
sept 30, 2023 12:11:53 P. M. org.hibernate.resource.transaction.backend.jdbc.internal.DdlTransactionIsolatorNonJtaImpl getIsolatedConnection
INFO: HHH10001501: Connection obtained from JdbcConnectionAccess [org.hibernate.engine.jdbc.env.internal.JdbcEnvironmentInitiator$ConnectionProviderJdbcConnectionAccess@1c7350b0] for (non-JTA) DDL execution was not in auto-commit mode; the Connection 'local transaction' will be committed and the Connection will be set into auto-commit mode.
sept 30, 2023 12:11:53 P. M. org.hibernate.resource.transaction.backend.jdbc.internal.DdlTransactionIsolatorNonJtaImpl getIsolatedConnection
INFO: HHH10001501: Connection obtained from JdbcConnectionAccess [org.hibernate.engine.jdbc.env.internal.JdbcEnvironmentInitiator$ConnectionProviderJdbcConnectionAccess@526a9908] for (non-JTA) DDL execution was not in auto-commit mode; the Connection 'local transaction' will be committed and the Connection will be set into auto-commit mode.
sept 30, 2023 12:11:54 P. M. org.hibernate.engine.transaction.jta.platform.internal.JtaPlatformInitiator initiateService
INFO: HHH000490: Using JtaPlatform implementation: [org.hibernate.engine.transaction.jta.platform.internal.NoJtaPlatform]
]]></system-err>
  </testcase>
  <testcase name="testEditarTransportista" classname="test.TransportistaTest" time="0.006">
    <system-out><![CDATA[Hibernate: 
    insert 
    into
        transportistas
        (cuit, email, estado, nombre, telefono, tipo_id) 
    values
        (?, ?, ?, ?, ?, ?)
]]></system-out>
  </testcase>
</testsuite>